<?xml version="1.0" encoding="UTF-8"?>
<!-- Generated by org.testng.reporters.JUnitReportReporter -->
<testsuite skipped="0" hostname="DESKTOP-8EQSD1V" name="com.qa.ErgodeBook.TestCase.ContactUsPageTest" tests="1" failures="0" timestamp="25 May 2021 17:07:11 GMT" time="84.547" errors="0">
  <testcase name="EnterDataOnContactUsPage" time="84.547" classname="com.qa.ErgodeBook.TestCase.ContactUsPageTest"/>
</testsuite> <!-- com.qa.ErgodeBook.TestCase.ContactUsPageTest -->
