<?xml version="1.0" encoding="UTF-8"?>
<!-- Generated by org.testng.reporters.JUnitReportReporter -->
<testsuite skipped="0" hostname="DESKTOP-8EQSD1V" name="com.qa.ErgodeBook.TestCase.RegisterAccountPageTest" tests="2" failures="0" timestamp="13 May 2021 12:18:52 GMT" time="45.470" errors="0">
  <testcase name="ContinueRegisterWithValidFields" time="22.347" classname="com.qa.ErgodeBook.TestCase.RegisterAccountPageTest"/>
  <testcase name="ContinueRegisterWithValidFields" time="23.123" classname="com.qa.ErgodeBook.TestCase.RegisterAccountPageTest"/>
</testsuite> <!-- com.qa.ErgodeBook.TestCase.RegisterAccountPageTest -->
