<?xml version="1.0" encoding="UTF-8"?>
<!-- Generated by org.testng.reporters.JUnitReportReporter -->
<testsuite skipped="0" hostname="DESKTOP-8EQSD1V" name="com.qa.ErgodeBook.TestCase.CategoriesLinkPageTest" tests="1" failures="0" timestamp="22 Apr 2021 07:33:15 GMT" time="346.991" errors="0">
  <testcase name="ValidateCategoriesLink" time="346.991" classname="com.qa.ErgodeBook.TestCase.CategoriesLinkPageTest"/>
</testsuite> <!-- com.qa.ErgodeBook.TestCase.CategoriesLinkPageTest -->
