<?xml version="1.0" encoding="UTF-8"?>
<!-- Generated by org.testng.reporters.JUnitReportReporter -->
<testsuite skipped="0" hostname="DESKTOP-8EQSD1V" name="com.qa.ErgodeBook.TestCase.ContactUsPageTest" tests="5" failures="0" timestamp="20 Apr 2021 05:58:34 GMT" time="124.852" errors="0">
  <testcase name="validateContactusPageTitleTest" time="24.147" classname="com.qa.ErgodeBook.TestCase.ContactUsPageTest"/>
  <testcase name="verifyContactUSLogoImg" time="22.966" classname="com.qa.ErgodeBook.TestCase.ContactUsPageTest"/>
  <testcase name="verifyContactUsPageLable" time="22.402" classname="com.qa.ErgodeBook.TestCase.ContactUsPageTest"/>
  <testcase name="verifyContactUsPageUserName" time="24.187" classname="com.qa.ErgodeBook.TestCase.ContactUsPageTest"/>
  <testcase name="EnterDataOnContactUsPage" time="31.150" classname="com.qa.ErgodeBook.TestCase.ContactUsPageTest"/>
</testsuite> <!-- com.qa.ErgodeBook.TestCase.ContactUsPageTest -->
