<?xml version="1.0" encoding="UTF-8"?>
<!-- Generated by org.testng.reporters.JUnitReportReporter -->
<testsuite skipped="0" hostname="DESKTOP-8EQSD1V" name="com.qa.ErgodeBook.TestCase.HomePageTest" tests="1" failures="0" timestamp="12 May 2021 06:15:25 GMT" time="138.482" errors="0">
  <testcase name="ClickHeaderMenuLinkTest" time="138.482" classname="com.qa.ErgodeBook.TestCase.HomePageTest"/>
</testsuite> <!-- com.qa.ErgodeBook.TestCase.HomePageTest -->
