<?xml version="1.0" encoding="UTF-8"?>
<!-- Generated by org.testng.reporters.JUnitReportReporter -->
<testsuite skipped="0" hostname="DESKTOP-8EQSD1V" name="com.qa.ErgodeBook.TestCase.ForgotPageTest" tests="2" failures="0" timestamp="25 May 2021 17:41:31 GMT" time="156.840" errors="0">
  <testcase name="enterForgotPasswordEmailAdressTest" time="83.093" classname="com.qa.ErgodeBook.TestCase.ForgotPageTest"/>
  <testcase name="enterForgotPasswordEmailAdressTest" time="73.747" classname="com.qa.ErgodeBook.TestCase.ForgotPageTest"/>
</testsuite> <!-- com.qa.ErgodeBook.TestCase.ForgotPageTest -->
