<?xml version="1.0" encoding="UTF-8"?>
<!-- Generated by org.testng.reporters.JUnitReportReporter -->
<testsuite skipped="0" hostname="DESKTOP-8EQSD1V" name="com.qa.ErgodeBook.TestCase.HomePageTest" tests="1" failures="0" timestamp="18 Apr 2021 11:41:51 GMT" time="16.785" errors="0">
  <testcase name="verifyHomePageTitle" time="16.785" classname="com.qa.ErgodeBook.TestCase.HomePageTest"/>
</testsuite> <!-- com.qa.ErgodeBook.TestCase.HomePageTest -->
