<?xml version="1.0" encoding="UTF-8"?>
<!-- Generated by org.testng.reporters.JUnitReportReporter -->
<testsuite skipped="0" hostname="DESKTOP-8EQSD1V" name="com.qa.ErgodeBook.TestCase.RegisterAccountPageTest" tests="5" failures="0" timestamp="12 May 2021 04:36:28 GMT" time="128.638" errors="0">
  <testcase name="validateRegisterPageTitle" time="12.443" classname="com.qa.ErgodeBook.TestCase.RegisterAccountPageTest"/>
  <testcase name="verifyRegisterLogoImg" time="14.149" classname="com.qa.ErgodeBook.TestCase.RegisterAccountPageTest"/>
  <testcase name="ContinueRegisterWithEmptyFields" time="34.222" classname="com.qa.ErgodeBook.TestCase.RegisterAccountPageTest"/>
  <testcase name="ContinueRegisterWithInValidFields" time="42.305" classname="com.qa.ErgodeBook.TestCase.RegisterAccountPageTest"/>
  <testcase name="ContinueRegisterWithValidFields" time="25.519" classname="com.qa.ErgodeBook.TestCase.RegisterAccountPageTest"/>
</testsuite> <!-- com.qa.ErgodeBook.TestCase.RegisterAccountPageTest -->
