<?xml version="1.0" encoding="UTF-8"?>
<!-- Generated by org.testng.reporters.JUnitReportReporter -->
<testsuite skipped="0" hostname="DESKTOP-8EQSD1V" name="com.qa.ErgodeBook.TestCase.LoginPageTest" tests="6" failures="0" timestamp="19 Apr 2021 07:18:47 GMT" time="125.413" errors="0">
  <testcase name="LoginPageTitleTest" time="14.788" classname="com.qa.ErgodeBook.TestCase.LoginPageTest"/>
  <testcase name="LoginPageLogoImgTest" time="16.103" classname="com.qa.ErgodeBook.TestCase.LoginPageTest"/>
  <testcase name="loginwithEmptyIdAndPassTest" time="17.649" classname="com.qa.ErgodeBook.TestCase.LoginPageTest"/>
  <testcase name="loginwithValidIdTest" time="19.761" classname="com.qa.ErgodeBook.TestCase.LoginPageTest"/>
  <testcase name="loginwithValidPassTest" time="33.386" classname="com.qa.ErgodeBook.TestCase.LoginPageTest"/>
  <testcase name="loginwithValidIdAndPassTest" time="23.726" classname="com.qa.ErgodeBook.TestCase.LoginPageTest"/>
</testsuite> <!-- com.qa.ErgodeBook.TestCase.LoginPageTest -->
