<?xml version="1.0" encoding="UTF-8"?>
<!-- Generated by org.testng.reporters.JUnitReportReporter -->
<testsuite skipped="0" hostname="DESKTOP-8EQSD1V" name="com.qa.ErgodeBook.TestCase.RegisterAccountPageTest" tests="4" failures="0" timestamp="20 Apr 2021 12:03:56 GMT" time="72.143" errors="0">
  <testcase name="validateRegisterPageTitle" time="13.238" classname="com.qa.ErgodeBook.TestCase.RegisterAccountPageTest"/>
  <testcase name="verifyContactUSLogoImg" time="15.828" classname="com.qa.ErgodeBook.TestCase.RegisterAccountPageTest"/>
  <testcase name="ContinueRegisterWithValidFields" time="20.882" classname="com.qa.ErgodeBook.TestCase.RegisterAccountPageTest"/>
  <testcase name="ContinueRegisterWithEmptyFields" time="22.195" classname="com.qa.ErgodeBook.TestCase.RegisterAccountPageTest"/>
</testsuite> <!-- com.qa.ErgodeBook.TestCase.RegisterAccountPageTest -->
