<?xml version="1.0" encoding="UTF-8"?>
<!-- Generated by org.testng.reporters.JUnitReportReporter -->
<testsuite skipped="0" hostname="DESKTOP-8EQSD1V" name="com.qa.ErgodeBook.TestCase.ForgotPageTest" tests="4" failures="0" timestamp="22 Apr 2021 07:39:54 GMT" time="83.117" errors="0">
  <testcase name="validateForgotPageTitleTest" time="15.849" classname="com.qa.ErgodeBook.TestCase.ForgotPageTest"/>
  <testcase name="validateForgotPageLable" time="19.090" classname="com.qa.ErgodeBook.TestCase.ForgotPageTest"/>
  <testcase name="enterForgotPasswordEmailAdressEmptyTest" time="24.395" classname="com.qa.ErgodeBook.TestCase.ForgotPageTest"/>
  <testcase name="enterForgotPasswordEmailAdressTest" time="23.783" classname="com.qa.ErgodeBook.TestCase.ForgotPageTest"/>
</testsuite> <!-- com.qa.ErgodeBook.TestCase.ForgotPageTest -->
