<?xml version="1.0" encoding="UTF-8"?>
<!-- Generated by org.testng.reporters.JUnitReportReporter -->
<testsuite skipped="0" hostname="DESKTOP-8EQSD1V" name="com.qa.ErgodeBook.TestCase.ActionAdventurePageTest" tests="2" failures="0" timestamp="16 Apr 2021 09:32:17 GMT" time="100.768" errors="0">
  <testcase name="clickAddTocartTest" time="51.833" classname="com.qa.ErgodeBook.TestCase.ActionAdventurePageTest"/>
  <testcase name="verifyActionPageLable" time="48.935" classname="com.qa.ErgodeBook.TestCase.ActionAdventurePageTest"/>
</testsuite> <!-- com.qa.ErgodeBook.TestCase.ActionAdventurePageTest -->
