<?xml version="1.0" encoding="UTF-8"?>
<!-- Generated by org.testng.reporters.JUnitReportReporter -->
<testsuite skipped="0" hostname="DESKTOP-8EQSD1V" name="com.qa.ErgodeBook.TestCase.ContactUsPageTest" tests="1" failures="0" timestamp="11 May 2021 12:34:34 GMT" time="46.041" errors="0">
  <testcase name="ContustUsPageEmptyDataSubmitTest" time="46.041" classname="com.qa.ErgodeBook.TestCase.ContactUsPageTest"/>
</testsuite> <!-- com.qa.ErgodeBook.TestCase.ContactUsPageTest -->
