<?xml version="1.0" encoding="UTF-8"?>
<!-- Generated by org.testng.reporters.JUnitReportReporter -->
<testsuite skipped="0" hostname="DESKTOP-8EQSD1V" name="com.qa.ErgodeBook.TestCase.LoginPageTest" tests="1" failures="0" timestamp="22 May 2021 17:44:20 GMT" time="46.613" errors="0">
  <testcase name="validateLoginPageMyAccountInfoTest" time="46.613" classname="com.qa.ErgodeBook.TestCase.LoginPageTest"/>
</testsuite> <!-- com.qa.ErgodeBook.TestCase.LoginPageTest -->
