<?xml version="1.0" encoding="UTF-8"?>
<!-- Generated by org.testng.reporters.JUnitReportReporter -->
<testsuite skipped="0" hostname="DESKTOP-8EQSD1V" name="com.qa.ErgodeBook.TestCase.ErgodeBookLoginPageTest" tests="3" failures="0" timestamp="16 Apr 2021 10:55:45 GMT" time="71.541" errors="0">
  <testcase name="loginPageTitleTest" time="13.360" classname="com.qa.ErgodeBook.TestCase.ErgodeBookLoginPageTest"/>
  <testcase name="ErgodeBookLogoTest" time="13.733" classname="com.qa.ErgodeBook.TestCase.ErgodeBookLoginPageTest"/>
  <testcase name="ErgodeBookLoingTest" time="44.448" classname="com.qa.ErgodeBook.TestCase.ErgodeBookLoginPageTest"/>
</testsuite> <!-- com.qa.ErgodeBook.TestCase.ErgodeBookLoginPageTest -->
